#
# There is insufficient memory for the Java Runtime Environment to continue.
# Native memory allocation (malloc) failed to allocate 705696 bytes for Chunk::new
# Possible reasons:
#   The system is out of physical RAM or swap space
#   The process is running with CompressedOops enabled, and the Java Heap may be blocking the growth of the native heap
# Possible solutions:
#   Reduce memory load on the system
#   Increase physical memory or swap space
#   Check if swap backing store is full
#   Decrease Java heap size (-Xmx/-Xms)
#   Decrease number of Java threads
#   Decrease Java thread stack sizes (-Xss)
#   Set larger code cache with -XX:ReservedCodeCacheSize=
#   JVM is running with Unscaled Compressed Oops mode in which the Java heap is
#     placed in the first 4GB address space. The Java Heap base address is the
#     maximum limit for the native heap growth. Please use -XX:HeapBaseMinAddress
#     to set the Java Heap base and to place the Java Heap above 4GB virtual address.
# This output file may be truncated or incomplete.
#
#  Out of Memory Error (allocation.cpp:389), pid=5704, tid=0x0000000000005154
#
# JRE version: OpenJDK Runtime Environment (8.0_242-b01) (build 1.8.0_242-release-1644-b01)
# Java VM: OpenJDK 64-Bit Server VM (25.242-b01 mixed mode windows-amd64 compressed oops)
# Failed to write core dump. Minidumps are not enabled by default on client versions of Windows
#

---------------  T H R E A D  ---------------

Current thread (0x00000000195ab000):  JavaThread "C2 CompilerThread1" daemon [_thread_in_native, id=20820, stack(0x000000001abf0000,0x000000001acf0000)]

Stack: [0x000000001abf0000,0x000000001acf0000]
[error occurred during error reporting (printing stack bounds), id 0xc0000005]

Native frames: (J=compiled Java code, j=interpreted, Vv=VM code, C=native code)


Current CompileTask:
C2:   5641 2643       4       org.objectweb.asm.Frame::execute (2318 bytes)


---------------  P R O C E S S  ---------------

Java Threads: ( => current thread )
  0x000000001ceb6000 JavaThread "Cache worker for file content cache (E:\gradle\gradle-6.1\caches\6.5\fileContent)" [_thread_blocked, id=24212, stack(0x00000000231d0000,0x00000000232d0000)]
  0x000000001ceb5800 JavaThread "jar transforms" [_thread_blocked, id=24504, stack(0x00000000230d0000,0x00000000231d0000)]
  0x000000001ceb3000 JavaThread "Cache worker for execution history cache (E:\gradle\gradle-6.1\caches\6.5\executionHistory)" [_thread_blocked, id=24476, stack(0x00000000229d0000,0x0000000022ad0000)]
  0x000000001ceb0000 JavaThread "Cache worker for cache directory md-rule (E:\gradle\gradle-6.1\caches\6.5\md-rule)" [_thread_blocked, id=24824, stack(0x00000000228d0000,0x00000000229d0000)]
  0x000000001ceb1800 JavaThread "Cache worker for cache directory md-supplier (E:\gradle\gradle-6.1\caches\6.5\md-supplier)" [_thread_blocked, id=20172, stack(0x0000000022640000,0x0000000022740000)]
  0x000000001ceb2800 JavaThread "Cache worker for checksums cache (E:\AndroidProject\SunWeather\.gradle\checksums)" [_thread_blocked, id=25388, stack(0x0000000022540000,0x0000000022640000)]
  0x000000001ceb4800 JavaThread "Cache worker for file hash cache (E:\AndroidProject\SunWeather\.gradle\6.5\fileHashes)" [_thread_blocked, id=15196, stack(0x00000000227d0000,0x00000000228d0000)]
  0x000000001ceb1000 JavaThread "Cache worker for file hash cache (E:\gradle\gradle-6.1\caches\6.5\fileHashes)" [_thread_blocked, id=21144, stack(0x000000001ee60000,0x000000001ef60000)]
  0x000000001ceb4000 JavaThread "File lock request listener" [_thread_in_native, id=6944, stack(0x000000001ed60000,0x000000001ee60000)]
  0x000000001cdbc800 JavaThread "Cache worker for journal cache (E:\gradle\gradle-6.1\caches\journal-1)" [_thread_blocked, id=25812, stack(0x000000001ec60000,0x000000001ed60000)]
  0x000000001cda4000 JavaThread "Thread-9" [_thread_blocked, id=26116, stack(0x000000001e960000,0x000000001ea60000)]
  0x000000001cdca000 JavaThread "Stdin handler" [_thread_blocked, id=296, stack(0x000000001e860000,0x000000001e960000)]
  0x000000001ce6a800 JavaThread "Asynchronous log dispatcher for DefaultDaemonConnection: socket connection from /127.0.0.1:1419 to /127.0.0.1:1420" [_thread_blocked, id=5420, stack(0x000000001e760000,0x000000001e860000)]
  0x000000001ce68000 JavaThread "Daemon worker" [_thread_in_vm, id=16492, stack(0x000000001e660000,0x000000001e760000)]
  0x000000001ce4f000 JavaThread "Cancel handler" [_thread_blocked, id=15660, stack(0x000000001e560000,0x000000001e660000)]
  0x000000001cd71800 JavaThread "Handler for socket connection from /127.0.0.1:1419 to /127.0.0.1:1420" [_thread_in_native, id=22856, stack(0x000000001e460000,0x000000001e560000)]
  0x000000001cd70000 JavaThread "Daemon" [_thread_blocked, id=23820, stack(0x000000001e260000,0x000000001e360000)]
  0x000000001c9e6000 JavaThread "Daemon periodic checks" [_thread_blocked, id=18968, stack(0x000000001df60000,0x000000001e060000)]
  0x000000001c2ea000 JavaThread "Incoming local TCP Connector on port 1419" [_thread_in_native, id=12192, stack(0x000000001ddb0000,0x000000001deb0000)]
  0x000000001c6b8800 JavaThread "Daemon health stats" [_thread_blocked, id=24040, stack(0x000000001da90000,0x000000001db90000)]
  0x000000001963c800 JavaThread "Service Thread" daemon [_thread_blocked, id=12800, stack(0x000000001aef0000,0x000000001aff0000)]
  0x00000000195b5000 JavaThread "C1 CompilerThread3" daemon [_thread_in_native, id=23228, stack(0x000000001adf0000,0x000000001aef0000)]
  0x00000000195b3800 JavaThread "C2 CompilerThread2" daemon [_thread_in_native, id=24728, stack(0x000000001acf0000,0x000000001adf0000)]
=>0x00000000195ab000 JavaThread "C2 CompilerThread1" daemon [_thread_in_native, id=20820, stack(0x000000001abf0000,0x000000001acf0000)]
  0x0000000019546000 JavaThread "C2 CompilerThread0" daemon [_thread_in_native, id=25372, stack(0x000000001aaf0000,0x000000001abf0000)]
  0x00000000195a9000 JavaThread "Attach Listener" daemon [_thread_blocked, id=25320, stack(0x000000001a9f0000,0x000000001aaf0000)]
  0x00000000195a8000 JavaThread "Signal Dispatcher" daemon [_thread_blocked, id=22436, stack(0x000000001a8f0000,0x000000001a9f0000)]
  0x0000000017e71800 JavaThread "Finalizer" daemon [_thread_blocked, id=14076, stack(0x000000001a790000,0x000000001a890000)]
  0x0000000019533000 JavaThread "Reference Handler" daemon [_thread_blocked, id=18192, stack(0x000000001a690000,0x000000001a790000)]
  0x00000000029fe000 JavaThread "main" [_thread_blocked, id=21156, stack(0x0000000002a00000,0x0000000002b00000)]

Other Threads:
  0x0000000019512800 VMThread [stack: 0x000000001a590000,0x000000001a690000] [id=16460]
  0x0000000019640000 WatcherThread [stack: 0x000000001aff0000,0x000000001b0f0000] [id=13452]

VM state:not at safepoint (normal execution)

VM Mutex/Monitor currently owned by a thread: None

heap address: 0x0000000080000000, size: 2048 MB, Compressed Oops mode: 32-bit
Narrow klass base: 0x0000000000000000, Narrow klass shift: 3
Compressed class space size: 1073741824 Address: 0x0000000100000000

Heap:
 PSYoungGen      total 119296K, used 22276K [0x00000000d5580000, 0x00000000dd680000, 0x0000000100000000)
  eden space 107520K, 12% used [0x00000000d5580000,0x00000000d621e6b0,0x00000000dbe80000)
  from space 11776K, 79% used [0x00000000dcb00000,0x00000000dd422b00,0x00000000dd680000)
  to   space 12288K, 0% used [0x00000000dbe80000,0x00000000dbe80000,0x00000000dca80000)
 ParOldGen       total 92672K, used 7294K [0x0000000080000000, 0x0000000085a80000, 0x00000000d5580000)
  object space 92672K, 7% used [0x0000000080000000,0x000000008071f898,0x0000000085a80000)
 Metaspace       used 33463K, capacity 34654K, committed 34816K, reserved 1079296K
  class space    used 4577K, capacity 4862K, committed 4864K, reserved 1048576K

Card table byte_map: [0x0000000011fc0000,0x00000000123d0000] byte_map_base: 0x0000000011bc0000

Marking Bits: (ParMarkBitMap*) 0x000000007331f030
 Begin Bits: [0x0000000013080000, 0x0000000015080000)
 End Bits:   [0x0000000015080000, 0x0000000017080000)

Polling page: 0x00000000025b0000

CodeCache: size=245760Kb used=10319Kb max_used=10319Kb free=235440Kb
 bounds [0x0000000002c00000, 0x0000000003620000, 0x0000000011c00000]
 total_blobs=3371 nmethods=2686 adapters=598
 compilation: enabled

Compilation events (10 events):
Event: 5.617 Thread 0x00000000195b5000 2685       3       com.google.common.collect.ImmutableCollection::<init> (5 bytes)
Event: 5.617 Thread 0x00000000195b5000 nmethod 2685 0x000000000360e390 code [0x000000000360e500, 0x000000000360e710]
Event: 5.617 Thread 0x00000000195b5000 2686       3       org.objectweb.asm.ByteVector::enlarge (51 bytes)
Event: 5.617 Thread 0x00000000195b5000 nmethod 2686 0x0000000003603310 code [0x0000000003603480, 0x00000000036037a8]
Event: 5.633 Thread 0x00000000195b5000 2687       3       java.lang.Class::getConstructor0 (103 bytes)
Event: 5.634 Thread 0x00000000195b5000 nmethod 2687 0x0000000003614990 code [0x0000000003614c80, 0x0000000003616178]
Event: 5.634 Thread 0x00000000195b5000 2688       3       java.util.regex.Matcher::find (69 bytes)
Event: 5.635 Thread 0x00000000195b5000 nmethod 2688 0x0000000003616c50 code [0x0000000003616dc0, 0x0000000003617168]
Event: 5.635 Thread 0x00000000195b5000 2689       3       org.gradle.internal.instantiation.generator.AsmBackedClassGenerator::access$500 (4 bytes)
Event: 5.635 Thread 0x00000000195b5000 nmethod 2689 0x0000000003617250 code [0x00000000036173a0, 0x00000000036174d0]

GC Heap History (10 events):
Event: 3.893 GC heap before
{Heap before GC invocations=3 (full 0):
 PSYoungGen      total 75776K, used 74340K [0x00000000d5580000, 0x00000000daa00000, 0x0000000100000000)
  eden space 65024K, 100% used [0x00000000d5580000,0x00000000d9500000,0x00000000d9500000)
  from space 10752K, 86% used [0x00000000d9f80000,0x00000000da899018,0x00000000daa00000)
  to   space 10752K, 0% used [0x00000000d9500000,0x00000000d9500000,0x00000000d9f80000)
 ParOldGen       total 173568K, used 24K [0x0000000080000000, 0x000000008a980000, 0x00000000d5580000)
  object space 173568K, 0% used [0x0000000080000000,0x0000000080006000,0x000000008a980000)
 Metaspace       used 20078K, capacity 20814K, committed 20992K, reserved 1067008K
  class space    used 2788K, capacity 2983K, committed 3072K, reserved 1048576K
Event: 3.904 GC heap after
Heap after GC invocations=3 (full 0):
 PSYoungGen      total 75776K, used 10747K [0x00000000d5580000, 0x00000000daa00000, 0x0000000100000000)
  eden space 65024K, 0% used [0x00000000d5580000,0x00000000d5580000,0x00000000d9500000)
  from space 10752K, 99% used [0x00000000d9500000,0x00000000d9f7efd0,0x00000000d9f80000)
  to   space 10752K, 0% used [0x00000000d9f80000,0x00000000d9f80000,0x00000000daa00000)
 ParOldGen       total 173568K, used 1101K [0x0000000080000000, 0x000000008a980000, 0x00000000d5580000)
  object space 173568K, 0% used [0x0000000080000000,0x0000000080113448,0x000000008a980000)
 Metaspace       used 20078K, capacity 20814K, committed 20992K, reserved 1067008K
  class space    used 2788K, capacity 2983K, committed 3072K, reserved 1048576K
}
Event: 3.969 GC heap before
{Heap before GC invocations=4 (full 0):
 PSYoungGen      total 75776K, used 18275K [0x00000000d5580000, 0x00000000daa00000, 0x0000000100000000)
  eden space 65024K, 11% used [0x00000000d5580000,0x00000000d5cd9d38,0x00000000d9500000)
  from space 10752K, 99% used [0x00000000d9500000,0x00000000d9f7efd0,0x00000000d9f80000)
  to   space 10752K, 0% used [0x00000000d9f80000,0x00000000d9f80000,0x00000000daa00000)
 ParOldGen       total 173568K, used 1101K [0x0000000080000000, 0x000000008a980000, 0x00000000d5580000)
  object space 173568K, 0% used [0x0000000080000000,0x0000000080113448,0x000000008a980000)
 Metaspace       used 20508K, capacity 21204K, committed 21248K, reserved 1067008K
  class space    used 2856K, capacity 3048K, committed 3072K, reserved 1048576K
Event: 3.974 GC heap after
Heap after GC invocations=4 (full 0):
 PSYoungGen      total 75776K, used 7473K [0x00000000d5580000, 0x00000000de980000, 0x0000000100000000)
  eden space 65024K, 0% used [0x00000000d5580000,0x00000000d5580000,0x00000000d9500000)
  from space 10752K, 69% used [0x00000000d9f80000,0x00000000da6cc4a0,0x00000000daa00000)
  to   space 10752K, 0% used [0x00000000d9500000,0x00000000d9500000,0x00000000d9f80000)
 ParOldGen       total 173568K, used 1109K [0x0000000080000000, 0x000000008a980000, 0x00000000d5580000)
  object space 173568K, 0% used [0x0000000080000000,0x0000000080115448,0x000000008a980000)
 Metaspace       used 20508K, capacity 21204K, committed 21248K, reserved 1067008K
  class space    used 2856K, capacity 3048K, committed 3072K, reserved 1048576K
}
Event: 3.974 GC heap before
{Heap before GC invocations=5 (full 1):
 PSYoungGen      total 75776K, used 7473K [0x00000000d5580000, 0x00000000de980000, 0x0000000100000000)
  eden space 65024K, 0% used [0x00000000d5580000,0x00000000d5580000,0x00000000d9500000)
  from space 10752K, 69% used [0x00000000d9f80000,0x00000000da6cc4a0,0x00000000daa00000)
  to   space 10752K, 0% used [0x00000000d9500000,0x00000000d9500000,0x00000000d9f80000)
 ParOldGen       total 173568K, used 1109K [0x0000000080000000, 0x000000008a980000, 0x00000000d5580000)
  object space 173568K, 0% used [0x0000000080000000,0x0000000080115448,0x000000008a980000)
 Metaspace       used 20508K, capacity 21204K, committed 21248K, reserved 1067008K
  class space    used 2856K, capacity 3048K, committed 3072K, reserved 1048576K
Event: 4.013 GC heap after
Heap after GC invocations=5 (full 1):
 PSYoungGen      total 75776K, used 0K [0x00000000d5580000, 0x00000000de980000, 0x0000000100000000)
  eden space 65024K, 0% used [0x00000000d5580000,0x00000000d5580000,0x00000000d9500000)
  from space 10752K, 0% used [0x00000000d9f80000,0x00000000d9f80000,0x00000000daa00000)
  to   space 10752K, 0% used [0x00000000d9500000,0x00000000d9500000,0x00000000d9f80000)
 ParOldGen       total 92672K, used 7278K [0x0000000080000000, 0x0000000085a80000, 0x00000000d5580000)
  object space 92672K, 7% used [0x0000000080000000,0x000000008071b898,0x0000000085a80000)
 Metaspace       used 20508K, capacity 21204K, committed 21248K, reserved 1067008K
  class space    used 2856K, capacity 3048K, committed 3072K, reserved 1048576K
}
Event: 4.903 GC heap before
{Heap before GC invocations=6 (full 1):
 PSYoungGen      total 75776K, used 65024K [0x00000000d5580000, 0x00000000de980000, 0x0000000100000000)
  eden space 65024K, 100% used [0x00000000d5580000,0x00000000d9500000,0x00000000d9500000)
  from space 10752K, 0% used [0x00000000d9f80000,0x00000000d9f80000,0x00000000daa00000)
  to   space 10752K, 0% used [0x00000000d9500000,0x00000000d9500000,0x00000000d9f80000)
 ParOldGen       total 92672K, used 7278K [0x0000000080000000, 0x0000000085a80000, 0x00000000d5580000)
  object space 92672K, 7% used [0x0000000080000000,0x000000008071b898,0x0000000085a80000)
 Metaspace       used 28488K, capacity 29386K, committed 29568K, reserved 1075200K
  class space    used 3937K, capacity 4191K, committed 4224K, reserved 1048576K
Event: 4.906 GC heap after
Heap after GC invocations=6 (full 1):
 PSYoungGen      total 75776K, used 8312K [0x00000000d5580000, 0x00000000dd700000, 0x0000000100000000)
  eden space 65024K, 0% used [0x00000000d5580000,0x00000000d5580000,0x00000000d9500000)
  from space 10752K, 77% used [0x00000000d9500000,0x00000000d9d1e1a8,0x00000000d9f80000)
  to   space 12288K, 0% used [0x00000000dcb00000,0x00000000dcb00000,0x00000000dd700000)
 ParOldGen       total 92672K, used 7286K [0x0000000080000000, 0x0000000085a80000, 0x00000000d5580000)
  object space 92672K, 7% used [0x0000000080000000,0x000000008071d898,0x0000000085a80000)
 Metaspace       used 28488K, capacity 29386K, committed 29568K, reserved 1075200K
  class space    used 3937K, capacity 4191K, committed 4224K, reserved 1048576K
}
Event: 5.536 GC heap before
{Heap before GC invocations=7 (full 1):
 PSYoungGen      total 75776K, used 73336K [0x00000000d5580000, 0x00000000dd700000, 0x0000000100000000)
  eden space 65024K, 100% used [0x00000000d5580000,0x00000000d9500000,0x00000000d9500000)
  from space 10752K, 77% used [0x00000000d9500000,0x00000000d9d1e1a8,0x00000000d9f80000)
  to   space 12288K, 0% used [0x00000000dcb00000,0x00000000dcb00000,0x00000000dd700000)
 ParOldGen       total 92672K, used 7286K [0x0000000080000000, 0x0000000085a80000, 0x00000000d5580000)
  object space 92672K, 7% used [0x0000000080000000,0x000000008071d898,0x0000000085a80000)
 Metaspace       used 32749K, capacity 33808K, committed 34048K, reserved 1079296K
  class space    used 4468K, capacity 4754K, committed 4864K, reserved 1048576K
Event: 5.545 GC heap after
Heap after GC invocations=7 (full 1):
 PSYoungGen      total 119296K, used 9354K [0x00000000d5580000, 0x00000000dd680000, 0x0000000100000000)
  eden space 107520K, 0% used [0x00000000d5580000,0x00000000d5580000,0x00000000dbe80000)
  from space 11776K, 79% used [0x00000000dcb00000,0x00000000dd422b00,0x00000000dd680000)
  to   space 12288K, 0% used [0x00000000dbe80000,0x00000000dbe80000,0x00000000dca80000)
 ParOldGen       total 92672K, used 7294K [0x0000000080000000, 0x0000000085a80000, 0x00000000d5580000)
  object space 92672K, 7% used [0x0000000080000000,0x000000008071f898,0x0000000085a80000)
 Metaspace       used 32749K, capacity 33808K, committed 34048K, reserved 1079296K
  class space    used 4468K, capacity 4754K, committed 4864K, reserved 1048576K
}

Deoptimization events (10 events):
Event: 4.469 Thread 0x000000001ce68000 Uncommon trap: reason=unstable_if action=reinterpret pc=0x0000000003185710 method=java.util.HashMap.putVal(ILjava/lang/Object;Ljava/lang/Object;ZZ)Ljava/lang/Object; @ 162
Event: 4.941 Thread 0x000000001ce68000 Uncommon trap: reason=unstable_if action=reinterpret pc=0x00000000031c7268 method=java.net.URLClassLoader.defineClass(Ljava/lang/String;Lsun/misc/Resource;)Ljava/lang/Class; @ 21
Event: 4.941 Thread 0x000000001ce68000 Uncommon trap: reason=unstable_if action=reinterpret pc=0x0000000003111974 method=java.lang.ClassLoader.getClassLoadingLock(Ljava/lang/String;)Ljava/lang/Object; @ 6
Event: 5.207 Thread 0x000000001ce68000 Uncommon trap: reason=unstable_if action=reinterpret pc=0x00000000031e94c4 method=java.util.HashMap.getNode(ILjava/lang/Object;)Ljava/util/HashMap$Node; @ 53
Event: 5.283 Thread 0x000000001ce68000 Uncommon trap: reason=unstable_if action=reinterpret pc=0x00000000033f3a44 method=org.gradle.internal.reflect.PropertyAccessorType.isGetGetterName(Ljava/lang/String;)Z @ 14
Event: 5.306 Thread 0x000000001ce68000 Uncommon trap: reason=unstable_if action=reinterpret pc=0x0000000003305180 method=org.objectweb.asm.ByteVector.putShort(I)Lorg/objectweb/asm/ByteVector; @ 13
Event: 5.390 Thread 0x000000001ce68000 Uncommon trap: reason=unstable_if action=reinterpret pc=0x00000000032359fc method=java.net.URLClassLoader.defineClass(Ljava/lang/String;Lsun/misc/Resource;)Ljava/lang/Class; @ 21
Event: 5.469 Thread 0x000000001ce68000 Uncommon trap: reason=unstable_if action=reinterpret pc=0x00000000035bfe08 method=org.codehaus.groovy.runtime.metaclass.MetaMethodIndex.addMethodToList(Ljava/lang/Object;Lgroovy/lang/MetaMethod;)Ljava/lang/Object; @ 226
Event: 5.493 Thread 0x000000001ce68000 Uncommon trap: reason=class_check action=maybe_recompile pc=0x00000000033855e8 method=java.util.WeakHashMap.eq(Ljava/lang/Object;Ljava/lang/Object;)Z @ 7
Event: 5.560 Thread 0x000000001ce68000 Uncommon trap: reason=range_check action=make_not_entrant pc=0x00000000035afb64 method=java.lang.String.charAt(I)C @ 27

Classes redefined (0 events):
No events

Internal exceptions (10 events):
Event: 5.486 Thread 0x000000001ce68000 Exception <a 'java/lang/ClassNotFoundException': org/gradle/api/internal/DefaultNamedDomainObjectCollectionBeanInfo> (0x00000000d8fd0d40) thrown at [C:\src\AOSP-openjdk-git\hotspot\src\share\vm\classfile\systemDictionary.cpp, line 210]
Event: 5.487 Thread 0x000000001ce68000 Exception <a 'java/lang/ClassNotFoundException': org/gradle/api/internal/DefaultDomainObjectCollectionBeanInfo> (0x00000000d9005180) thrown at [C:\src\AOSP-openjdk-git\hotspot\src\share\vm\classfile\systemDictionary.cpp, line 210]
Event: 5.487 Thread 0x000000001ce68000 Exception <a 'java/lang/ClassNotFoundException': java/util/AbstractCollectionBeanInfo> (0x00000000d9009950) thrown at [C:\src\AOSP-openjdk-git\hotspot\src\share\vm\classfile\systemDictionary.cpp, line 210]
Event: 5.487 Thread 0x000000001ce68000 Exception <a 'java/lang/ClassNotFoundException': java/util/AbstractCollectionCustomizer> (0x00000000d900e0b8) thrown at [C:\src\AOSP-openjdk-git\hotspot\src\share\vm\classfile\systemDictionary.cpp, line 210]
Event: 5.489 Thread 0x000000001ce68000 Exception <a 'java/lang/ClassNotFoundException': org/gradle/api/internal/DefaultDomainObjectCollectionCustomizer> (0x00000000d904dfd8) thrown at [C:\src\AOSP-openjdk-git\hotspot\src\share\vm\classfile\systemDictionary.cpp, line 210]
Event: 5.491 Thread 0x000000001ce68000 Exception <a 'java/lang/ClassNotFoundException': org/gradle/api/internal/DefaultNamedDomainObjectCollectionCustomizer> (0x00000000d90ac410) thrown at [C:\src\AOSP-openjdk-git\hotspot\src\share\vm\classfile\systemDictionary.cpp, line 210]
Event: 5.493 Thread 0x000000001ce68000 Exception <a 'java/lang/ClassNotFoundException': org/gradle/api/internal/DefaultNamedDomainObjectListCustomizer> (0x00000000d9120e18) thrown at [C:\src\AOSP-openjdk-git\hotspot\src\share\vm\classfile\systemDictionary.cpp, line 210]
Event: 5.495 Thread 0x000000001ce68000 Exception <a 'java/lang/ClassNotFoundException': org/gradle/api/internal/artifacts/DefaultArtifactRepositoryContainerCustomizer> (0x00000000d9195ba8) thrown at [C:\src\AOSP-openjdk-git\hotspot\src\share\vm\classfile\systemDictionary.cpp, line 210]
Event: 5.498 Thread 0x000000001ce68000 Exception <a 'java/lang/ClassNotFoundException': org/gradle/api/internal/artifacts/dsl/DefaultRepositoryHandlerCustomizer> (0x00000000d91fae88) thrown at [C:\src\AOSP-openjdk-git\hotspot\src\share\vm\classfile\systemDictionary.cpp, line 210]
Event: 5.502 Thread 0x000000001ce68000 Exception <a 'java/lang/ClassNotFoundException': org/gradle/api/internal/artifacts/dsl/DefaultRepositoryHandler_DecoratedCustomizer> (0x00000000d927e690) thrown at [C:\src\AOSP-openjdk-git\hotspot\src\share\vm\classfile\systemDictionary.cpp, line 210]

Events (10 events):
Event: 5.632 loading class org/gradle/api/internal/artifacts/dsl/dependencies/DynamicAddDependencyMethods
Event: 5.632 loading class org/gradle/api/internal/artifacts/dsl/dependencies/DynamicAddDependencyMethods done
Event: 5.634 loading class org/gradle/api/internal/artifacts/dsl/dependencies/DefaultDependencyConstraintHandler$DependencyConstraintAdder
Event: 5.634 loading class org/gradle/api/internal/artifacts/dsl/dependencies/DefaultDependencyConstraintHandler$DependencyConstraintAdder done
Event: 5.635 loading class org/gradle/api/internal/artifacts/query/DefaultArtifactResolutionQueryFactory
Event: 5.635 loading class org/gradle/api/internal/artifacts/query/DefaultArtifactResolutionQueryFactory done
Event: 5.635 loading class org/gradle/api/artifacts/query/ArtifactResolutionQuery
Event: 5.635 loading class org/gradle/api/artifacts/query/ArtifactResolutionQuery done
Event: 5.636 loading class org/gradle/api/internal/artifacts/dsl/dependencies/DefaultDependencyHandler
Event: 5.636 loading class org/gradle/api/internal/artifacts/dsl/dependencies/DefaultDependencyHandler done


Dynamic libraries:
0x00007ff7439b0000 - 0x00007ff7439e1000 	G:\Android studio\jre\bin\java.exe
0x00007ffee6ff0000 - 0x00007ffee71e5000 	C:\WINDOWS\SYSTEM32\ntdll.dll
0x00007ffee5b00000 - 0x00007ffee5bbd000 	C:\WINDOWS\System32\KERNEL32.DLL
0x00007ffee4730000 - 0x00007ffee49f8000 	C:\WINDOWS\System32\KERNELBASE.dll
0x00007ffee5410000 - 0x00007ffee54bc000 	C:\WINDOWS\System32\ADVAPI32.dll
0x00007ffee5210000 - 0x00007ffee52ae000 	C:\WINDOWS\System32\msvcrt.dll
0x00007ffee55e0000 - 0x00007ffee567b000 	C:\WINDOWS\System32\sechost.dll
0x00007ffee56a0000 - 0x00007ffee57cb000 	C:\WINDOWS\System32\RPCRT4.dll
0x00007ffee58b0000 - 0x00007ffee5a50000 	C:\WINDOWS\System32\USER32.dll
0x00007ffee4d10000 - 0x00007ffee4d32000 	C:\WINDOWS\System32\win32u.dll
0x00007ffee57d0000 - 0x00007ffee57fa000 	C:\WINDOWS\System32\GDI32.dll
0x00007ffee4d40000 - 0x00007ffee4e4b000 	C:\WINDOWS\System32\gdi32full.dll
0x00007ffee4c70000 - 0x00007ffee4d0d000 	C:\WINDOWS\System32\msvcp_win.dll
0x00007ffee4a30000 - 0x00007ffee4b30000 	C:\WINDOWS\System32\ucrtbase.dll
0x00007ffec5de0000 - 0x00007ffec607a000 	C:\WINDOWS\WinSxS\amd64_microsoft.windows.common-controls_6595b64144ccf1df_6.0.19041.1052_none_60b8f8fd71f5e8cb\COMCTL32.dll
0x00007ffee6210000 - 0x00007ffee6240000 	C:\WINDOWS\System32\IMM32.DLL
0x0000000072000000 - 0x00000000720d2000 	G:\Android studio\jre\jre\bin\msvcr100.dll
0x0000000072b50000 - 0x000000007339b000 	G:\Android studio\jre\jre\bin\server\jvm.dll
0x00007ffee6370000 - 0x00007ffee6378000 	C:\WINDOWS\System32\PSAPI.DLL
0x00007ffebf360000 - 0x00007ffebf369000 	C:\WINDOWS\SYSTEM32\WSOCK32.dll
0x00007ffec6230000 - 0x00007ffec6257000 	C:\WINDOWS\SYSTEM32\WINMM.dll
0x00007ffede9c0000 - 0x00007ffede9ca000 	C:\WINDOWS\SYSTEM32\VERSION.dll
0x00007ffee53a0000 - 0x00007ffee540b000 	C:\WINDOWS\System32\WS2_32.dll
0x00007ffedc480000 - 0x00007ffedc48f000 	G:\Android studio\jre\jre\bin\verify.dll
0x00007ffece490000 - 0x00007ffece4b9000 	G:\Android studio\jre\jre\bin\java.dll
0x00007ffecd7f0000 - 0x00007ffecd806000 	G:\Android studio\jre\jre\bin\zip.dll
0x00007ffee6870000 - 0x00007ffee6faf000 	C:\WINDOWS\System32\SHELL32.dll
0x00007ffee24e0000 - 0x00007ffee2c70000 	C:\WINDOWS\SYSTEM32\windows.storage.dll
0x00007ffee63e0000 - 0x00007ffee6735000 	C:\WINDOWS\System32\combase.dll
0x00007ffee41a0000 - 0x00007ffee41cc000 	C:\WINDOWS\SYSTEM32\Wldp.dll
0x00007ffee5800000 - 0x00007ffee58ae000 	C:\WINDOWS\System32\SHCORE.dll
0x00007ffee61b0000 - 0x00007ffee6205000 	C:\WINDOWS\System32\shlwapi.dll
0x00007ffee4670000 - 0x00007ffee468f000 	C:\WINDOWS\SYSTEM32\profapi.dll
0x00007ffecd130000 - 0x00007ffecd14a000 	G:\Android studio\jre\jre\bin\net.dll
0x00007ffee3f10000 - 0x00007ffee3f7a000 	C:\WINDOWS\system32\mswsock.dll
0x00007ffeccdd0000 - 0x00007ffeccde3000 	G:\Android studio\jre\jre\bin\nio.dll
0x00007ffeba150000 - 0x00007ffeba177000 	E:\gradle\gradle-6.1\native\f6784746aeab05261644944871eae4fe03e0ef1612fff0a4a95f87b438bc6780\windows-amd64\native-platform.dll
0x00007ffed9530000 - 0x00007ffed953d000 	G:\Android studio\jre\jre\bin\management.dll
0x00007ffee40e0000 - 0x00007ffee40f8000 	C:\WINDOWS\SYSTEM32\CRYPTSP.dll
0x00007ffee3840000 - 0x00007ffee3874000 	C:\WINDOWS\system32\rsaenh.dll
0x00007ffee4a00000 - 0x00007ffee4a27000 	C:\WINDOWS\System32\bcrypt.dll
0x00007ffee4630000 - 0x00007ffee465e000 	C:\WINDOWS\SYSTEM32\USERENV.dll
0x00007ffee4b30000 - 0x00007ffee4bb3000 	C:\WINDOWS\System32\bcryptprimitives.dll
0x00007ffee4100000 - 0x00007ffee410c000 	C:\WINDOWS\SYSTEM32\CRYPTBASE.dll
0x00007ffee3bb0000 - 0x00007ffee3beb000 	C:\WINDOWS\SYSTEM32\IPHLPAPI.DLL
0x00007ffee61a0000 - 0x00007ffee61a8000 	C:\WINDOWS\System32\NSI.dll
0x00007ffed9500000 - 0x00007ffed9517000 	C:\WINDOWS\SYSTEM32\dhcpcsvc6.DLL
0x00007ffed86a0000 - 0x00007ffed86bd000 	C:\WINDOWS\SYSTEM32\dhcpcsvc.DLL
0x00007ffee3bf0000 - 0x00007ffee3cbc000 	C:\WINDOWS\SYSTEM32\DNSAPI.dll
0x00007ffedb280000 - 0x00007ffedb28b000 	C:\WINDOWS\SYSTEM32\WINNSI.DLL

VM Arguments:
jvm_args: -Xmx2048m -Dfile.encoding=UTF-8 -Duser.country=CN -Duser.language=zh -Duser.variant 
java_command: org.gradle.launcher.daemon.bootstrap.GradleDaemon 6.5
java_class_path (initial): E:\gradle\gradle-6.1\wrapper\dists\gradle-6.5-bin\6nifqtx7604sqp1q6g8wikw7p\gradle-6.5\lib\gradle-launcher-6.5.jar
Launcher Type: SUN_STANDARD

Environment Variables:
CLASSPATH=.;E:\jad1.8\lib\dt.jar;%JAVA_HOME%\lib\tools.jar;%JMETER_HOME%\lib\ext\ApacheJMeter_core.jar;%JMETER_HOME%\lib\jorphan.jar;%JMETER_HOME%\lib\logkit-2.0.jar;
PATH=C:\Program Files (x86)\Common Files\Intel\Shared Files\cpp\bin\Intel64;C:\Program Files (x86)\Common Files\Oracle\Java\javapath;E:\python3.8.1\Scripts\;E:\python3.8.1\;C:\Windows\system32;C:\Windows;C:\Windows\System32\Wbem;C:\Windows\System32\WindowsPowerShell\v1.0\;C:\Windows\System32\OpenSSH\;C:\Program Files\Intel\WiFi\bin\;C:\Program Files\Common Files\Intel\WirelessCommon\;C:\Program Files (x86)\NVIDIA Corporation\PhysX\Common;C:\Program Files\NVIDIA Corporation\NVIDIA NvDLISR;E:\mysql\mysql-8.0.22-winx64\bin;E:\jad1.8\bin;E:\Google\Chrome\Application\chromedriver.exe;E:\Git\Git\cmd;E:\SDK\android-sdk-windows\platform-tools;E:\SDK\android-sdk-windows\build-tools;E:\SDK\android-sdk-windows\tools;I:\Cygwin\bin;E:\APKtool;G:\dex2jar\d2j-dex2jar.bat;E:\Maven\apache-maven-3.6.1\bin;G:\Program Files (x86)\Microsoft SQL Server\100\Tools\Binn\;G:\Program Files (x86)\Microsoft SQL Server\100\DTS\Binn\;G:\Program Files (x86)\Microsoft SQL Server\100\Tools\Binn\VSShell\Common7\IDE\;C:\Program Files (x86)\Windows Kits\8.1\Windows Performance Toolkit\;"F:\apache-tomcat-9.0.37\bin;";F:\maven\apache-maven-3.6.1\bin;E:\Program Files\nodejs\;E:\gradle\gradle-6.1\bin;F:\erlang\erl-23.1\bin;F:\RabbitMQ\rabbitmq_server-3.8.9\sbin;F:\xshell\;C:\WINDOWS\system32;C:\WINDOWS;C:\WINDOWS\System32\Wbem;C:\WINDOWS\System32\WindowsPowerShell\v1.0\;C:\WINDOWS\System32\OpenSSH\;C:\Users\86504\AppData\Local\Microsoft\WindowsApps;G:\Bandizip\;E:\Microsoft VS Code\bin;E:\Google\Chrome\Application;;E:\WebStorm 2019.3.3\bin;;G:\phpstorm\PhpStorm 2020.2.1\bin;;C:\Users\86504\AppData\Roaming\npm;C:\Users\86504\AppData\Local\Microsoft\WindowsApps;G:\huaweideistudio\DevEco Studio 2.1.0.501\bin;
USERNAME=86504
OS=Windows_NT
PROCESSOR_IDENTIFIER=Intel64 Family 6 Model 158 Stepping 10, GenuineIntel



---------------  S Y S T E M  ---------------

OS: Windows 10.0 , 64 bit Build 19041 (10.0.19041.1023)

CPU:total 12 (initial active 12) (6 cores per cpu, 2 threads per core) family 6 model 158 stepping 10, cmov, cx8, fxsr, mmx, sse, sse2, sse3, ssse3, sse4.1, sse4.2, popcnt, avx, avx2, aes, clmul, erms, 3dnowpref, lzcnt, ht, tsc, tscinvbit, bmi1, bmi2, adx

Memory: 4k page, physical 16552484k(173000k free), swap 33857568k(20k free)

vm_info: OpenJDK 64-Bit Server VM (25.242-b01) for windows-amd64 JRE (1.8.0_242-release-1644-b01), built by "builder" with MS VC++ 10.0 (VS2010)

time: Thu Jun 17 01:24:17 2021
timezone: 中国标准时间
elapsed time: 5 seconds (0d 0h 0m 5s)

